{"uid":"f46d1948e792282b","name":"Customer doesn't fill the first name","fullName":"app.tests.test_registration_page#test_empty_first_name","historyId":"c6cb72558d17c16c550516eaf944190a","time":{"start":1688584951202,"stop":1688584951202,"duration":0},"status":"broken","statusMessage":"selenium.common.exceptions.WebDriverException: Message: unknown error: Chrome failed to start: exited abnormally.\n  (unknown error: DevToolsActivePort file doesn't exist)\n  (The process started from chrome location /usr/bin/google-chrome is no longer running, so ChromeDriver is assuming that Chrome has crashed.)\nStacktrace:\n#0 0x55de50a424e3 <unknown>\n#1 0x55de50771c76 <unknown>\n#2 0x55de5079ad78 <unknown>\n#3 0x55de50797029 <unknown>\n#4 0x55de507d5ccc <unknown>\n#5 0x55de507d547f <unknown>\n#6 0x55de507ccde3 <unknown>\n#7 0x55de507a22dd <unknown>\n#8 0x55de507a334e <unknown>\n#9 0x55de50a023e4 <unknown>\n#10 0x55de50a063d7 <unknown>\n#11 0x55de50a10b20 <unknown>\n#12 0x55de50a07023 <unknown>\n#13 0x55de509d51aa <unknown>\n#14 0x55de50a2b6b8 <unknown>\n#15 0x55de50a2b847 <unknown>\n#16 0x55de50a3b243 <unknown>\n#17 0x7f9e3a495b43 <unknown>","statusTrace":"config = {'browser': 'chrome', 'hub': 'localhost', 'remote': False, 'version': '111.0'}\n\n    @pytest.fixture(scope=\"class\")\n    def wd(config):\n        if config[\"remote\"] is True:\n            driver = create_remote_driver(config)\n            driver.maximize_window()\n        else:\n>           driver = create_local_driver(config)\n\napp/tests/conftest.py:124: \n_ _ _ _ _ _ _ _ _ _ _ _ _ _ _ _ _ _ _ _ _ _ _ _ _ _ _ _ _ _ _ _ _ _ _ _ _ _ _ _ \napp/tests/conftest.py:95: in create_local_driver\n    driver = webdriver.Chrome(service=Service(ChromeDriverManager().install()), options=options)\n/opt/hostedtoolcache/Python/3.11.4/x64/lib/python3.11/site-packages/selenium/webdriver/chrome/webdriver.py:80: in __init__\n    super().__init__(\n/opt/hostedtoolcache/Python/3.11.4/x64/lib/python3.11/site-packages/selenium/webdriver/chromium/webdriver.py:104: in __init__\n    super().__init__(\n/opt/hostedtoolcache/Python/3.11.4/x64/lib/python3.11/site-packages/selenium/webdriver/remote/webdriver.py:286: in __init__\n    self.start_session(capabilities, browser_profile)\n/opt/hostedtoolcache/Python/3.11.4/x64/lib/python3.11/site-packages/selenium/webdriver/remote/webdriver.py:378: in start_session\n    response = self.execute(Command.NEW_SESSION, parameters)\n/opt/hostedtoolcache/Python/3.11.4/x64/lib/python3.11/site-packages/selenium/webdriver/remote/webdriver.py:440: in execute\n    self.error_handler.check_response(response)\n_ _ _ _ _ _ _ _ _ _ _ _ _ _ _ _ _ _ _ _ _ _ _ _ _ _ _ _ _ _ _ _ _ _ _ _ _ _ _ _ \n\nself = <selenium.webdriver.remote.errorhandler.ErrorHandler object at 0x7fbdb878d5d0>\nresponse = {'status': 500, 'value': '{\"value\":{\"error\":\"unknown error\",\"message\":\"unknown error: Chrome failed to start: exited a...\\\\n#15 0x55de50a2b847 \\\\u003Cunknown>\\\\n#16 0x55de50a3b243 \\\\u003Cunknown>\\\\n#17 0x7f9e3a495b43 \\\\u003Cunknown>\\\\n\"}}'}\n\n    def check_response(self, response: Dict[str, Any]) -> None:\n        \"\"\"Checks that a JSON response from the WebDriver does not have an\n        error.\n    \n        :Args:\n         - response - The JSON response from the WebDriver server as a dictionary\n           object.\n    \n        :Raises: If the response contains an error message.\n        \"\"\"\n        status = response.get(\"status\", None)\n        if not status or status == ErrorCode.SUCCESS:\n            return\n        value = None\n        message = response.get(\"message\", \"\")\n        screen: str = response.get(\"screen\", \"\")\n        stacktrace = None\n        if isinstance(status, int):\n            value_json = response.get(\"value\", None)\n            if value_json and isinstance(value_json, str):\n                import json\n    \n                try:\n                    value = json.loads(value_json)\n                    if len(value) == 1:\n                        value = value[\"value\"]\n                    status = value.get(\"error\", None)\n                    if not status:\n                        status = value.get(\"status\", ErrorCode.UNKNOWN_ERROR)\n                        message = value.get(\"value\") or value.get(\"message\")\n                        if not isinstance(message, str):\n                            value = message\n                            message = message.get(\"message\")\n                    else:\n                        message = value.get(\"message\", None)\n                except ValueError:\n                    pass\n    \n        exception_class: Type[WebDriverException]\n        if status in ErrorCode.NO_SUCH_ELEMENT:\n            exception_class = NoSuchElementException\n        elif status in ErrorCode.NO_SUCH_FRAME:\n            exception_class = NoSuchFrameException\n        elif status in ErrorCode.NO_SUCH_SHADOW_ROOT:\n            exception_class = NoSuchShadowRootException\n        elif status in ErrorCode.NO_SUCH_WINDOW:\n            exception_class = NoSuchWindowException\n        elif status in ErrorCode.STALE_ELEMENT_REFERENCE:\n            exception_class = StaleElementReferenceException\n        elif status in ErrorCode.ELEMENT_NOT_VISIBLE:\n            exception_class = ElementNotVisibleException\n        elif status in ErrorCode.INVALID_ELEMENT_STATE:\n            exception_class = InvalidElementStateException\n        elif (\n            status in ErrorCode.INVALID_SELECTOR\n            or status in ErrorCode.INVALID_XPATH_SELECTOR\n            or status in ErrorCode.INVALID_XPATH_SELECTOR_RETURN_TYPER\n        ):\n            exception_class = InvalidSelectorException\n        elif status in ErrorCode.ELEMENT_IS_NOT_SELECTABLE:\n            exception_class = ElementNotSelectableException\n        elif status in ErrorCode.ELEMENT_NOT_INTERACTABLE:\n            exception_class = ElementNotInteractableException\n        elif status in ErrorCode.INVALID_COOKIE_DOMAIN:\n            exception_class = InvalidCookieDomainException\n        elif status in ErrorCode.UNABLE_TO_SET_COOKIE:\n            exception_class = UnableToSetCookieException\n        elif status in ErrorCode.TIMEOUT:\n            exception_class = TimeoutException\n        elif status in ErrorCode.SCRIPT_TIMEOUT:\n            exception_class = TimeoutException\n        elif status in ErrorCode.UNKNOWN_ERROR:\n            exception_class = WebDriverException\n        elif status in ErrorCode.UNEXPECTED_ALERT_OPEN:\n            exception_class = UnexpectedAlertPresentException\n        elif status in ErrorCode.NO_ALERT_OPEN:\n            exception_class = NoAlertPresentException\n        elif status in ErrorCode.IME_NOT_AVAILABLE:\n            exception_class = ImeNotAvailableException\n        elif status in ErrorCode.IME_ENGINE_ACTIVATION_FAILED:\n            exception_class = ImeActivationFailedException\n        elif status in ErrorCode.MOVE_TARGET_OUT_OF_BOUNDS:\n            exception_class = MoveTargetOutOfBoundsException\n        elif status in ErrorCode.JAVASCRIPT_ERROR:\n            exception_class = JavascriptException\n        elif status in ErrorCode.SESSION_NOT_CREATED:\n            exception_class = SessionNotCreatedException\n        elif status in ErrorCode.INVALID_ARGUMENT:\n            exception_class = InvalidArgumentException\n        elif status in ErrorCode.NO_SUCH_COOKIE:\n            exception_class = NoSuchCookieException\n        elif status in ErrorCode.UNABLE_TO_CAPTURE_SCREEN:\n            exception_class = ScreenshotException\n        elif status in ErrorCode.ELEMENT_CLICK_INTERCEPTED:\n            exception_class = ElementClickInterceptedException\n        elif status in ErrorCode.INSECURE_CERTIFICATE:\n            exception_class = InsecureCertificateException\n        elif status in ErrorCode.INVALID_COORDINATES:\n            exception_class = InvalidCoordinatesException\n        elif status in ErrorCode.INVALID_SESSION_ID:\n            exception_class = InvalidSessionIdException\n        elif status in ErrorCode.UNKNOWN_METHOD:\n            exception_class = UnknownMethodException\n        else:\n            exception_class = WebDriverException\n        if not value:\n            value = response[\"value\"]\n        if isinstance(value, str):\n            raise exception_class(value)\n        if message == \"\" and \"message\" in value:\n            message = value[\"message\"]\n    \n        screen = None  # type: ignore[assignment]\n        if \"screen\" in value:\n            screen = value[\"screen\"]\n    \n        stacktrace = None\n        st_value = value.get(\"stackTrace\") or value.get(\"stacktrace\")\n        if st_value:\n            if isinstance(st_value, str):\n                stacktrace = st_value.split(\"\\n\")\n            else:\n                stacktrace = []\n                try:\n                    for frame in st_value:\n                        line = frame.get(\"lineNumber\", \"\")\n                        file = frame.get(\"fileName\", \"<anonymous>\")\n                        if line:\n                            file = f\"{file}:{line}\"\n                        meth = frame.get(\"methodName\", \"<anonymous>\")\n                        if \"className\" in frame:\n                            meth = f\"{frame['className']}.{meth}\"\n                        msg = \"    at %s (%s)\"\n                        msg = msg % (meth, file)\n                        stacktrace.append(msg)\n                except TypeError:\n                    pass\n        if exception_class == UnexpectedAlertPresentException:\n            alert_text = None\n            if \"data\" in value:\n                alert_text = value[\"data\"].get(\"text\")\n            elif \"alert\" in value:\n                alert_text = value[\"alert\"].get(\"text\")\n            raise exception_class(message, screen, stacktrace, alert_text)  # type: ignore[call-arg]  # mypy is not smart enough here\n>       raise exception_class(message, screen, stacktrace)\nE       selenium.common.exceptions.WebDriverException: Message: unknown error: Chrome failed to start: exited abnormally.\nE         (unknown error: DevToolsActivePort file doesn't exist)\nE         (The process started from chrome location /usr/bin/google-chrome is no longer running, so ChromeDriver is assuming that Chrome has crashed.)\nE       Stacktrace:\nE       #0 0x55de50a424e3 <unknown>\nE       #1 0x55de50771c76 <unknown>\nE       #2 0x55de5079ad78 <unknown>\nE       #3 0x55de50797029 <unknown>\nE       #4 0x55de507d5ccc <unknown>\nE       #5 0x55de507d547f <unknown>\nE       #6 0x55de507ccde3 <unknown>\nE       #7 0x55de507a22dd <unknown>\nE       #8 0x55de507a334e <unknown>\nE       #9 0x55de50a023e4 <unknown>\nE       #10 0x55de50a063d7 <unknown>\nE       #11 0x55de50a10b20 <unknown>\nE       #12 0x55de50a07023 <unknown>\nE       #13 0x55de509d51aa <unknown>\nE       #14 0x55de50a2b6b8 <unknown>\nE       #15 0x55de50a2b847 <unknown>\nE       #16 0x55de50a3b243 <unknown>\nE       #17 0x7f9e3a495b43 <unknown>\n\n/opt/hostedtoolcache/Python/3.11.4/x64/lib/python3.11/site-packages/selenium/webdriver/remote/errorhandler.py:245: WebDriverException","flaky":false,"newFailed":false,"newBroken":true,"newPassed":false,"retriesCount":0,"retriesStatusChange":false,"beforeStages":[{"name":"_session_faker","time":{"start":1688584951203,"stop":1688584951272,"duration":69},"status":"passed","steps":[],"attachments":[],"parameters":[],"stepsCount":0,"attachmentsCount":0,"shouldDisplayMessage":false,"hasContent":false},{"name":"load_env","time":{"start":1688584951272,"stop":1688584951272,"duration":0},"status":"passed","steps":[],"attachments":[],"parameters":[],"stepsCount":0,"attachmentsCount":0,"shouldDisplayMessage":false,"hasContent":false},{"name":"config","time":{"start":1688584951272,"stop":1688584951273,"duration":1},"status":"passed","steps":[],"attachments":[],"parameters":[],"stepsCount":0,"attachmentsCount":0,"shouldDisplayMessage":false,"hasContent":false},{"name":"wd","time":{"start":1688584951273,"stop":1688584952740,"duration":1467},"status":"broken","statusMessage":"selenium.common.exceptions.WebDriverException: Message: unknown error: Chrome failed to start: exited abnormally.\n  (unknown error: DevToolsActivePort file doesn't exist)\n  (The process started from chrome location /usr/bin/google-chrome is no longer running, so ChromeDriver is assuming that Chrome has crashed.)\nStacktrace:\n#0 0x55de50a424e3 <unknown>\n#1 0x55de50771c76 <unknown>\n#2 0x55de5079ad78 <unknown>\n#3 0x55de50797029 <unknown>\n#4 0x55de507d5ccc <unknown>\n#5 0x55de507d547f <unknown>\n#6 0x55de507ccde3 <unknown>\n#7 0x55de507a22dd <unknown>\n#8 0x55de507a334e <unknown>\n#9 0x55de50a023e4 <unknown>\n#10 0x55de50a063d7 <unknown>\n#11 0x55de50a10b20 <unknown>\n#12 0x55de50a07023 <unknown>\n#13 0x55de509d51aa <unknown>\n#14 0x55de50a2b6b8 <unknown>\n#15 0x55de50a2b847 <unknown>\n#16 0x55de50a3b243 <unknown>\n#17 0x7f9e3a495b43 <unknown>\n\n","statusTrace":"  File \"/opt/hostedtoolcache/Python/3.11.4/x64/lib/python3.11/site-packages/pluggy/_callers.py\", line 80, in _multicall\n    res = hook_impl.function(*args)\n          ^^^^^^^^^^^^^^^^^^^^^^^^^\n  File \"/opt/hostedtoolcache/Python/3.11.4/x64/lib/python3.11/site-packages/_pytest/fixtures.py\", line 1129, in pytest_fixture_setup\n    result = call_fixture_func(fixturefunc, request, kwargs)\n             ^^^^^^^^^^^^^^^^^^^^^^^^^^^^^^^^^^^^^^^^^^^^^^^\n  File \"/opt/hostedtoolcache/Python/3.11.4/x64/lib/python3.11/site-packages/_pytest/fixtures.py\", line 901, in call_fixture_func\n    fixture_result = next(generator)\n                     ^^^^^^^^^^^^^^^\n  File \"/home/runner/work/cfi/cfi/app/tests/conftest.py\", line 124, in wd\n    driver = create_local_driver(config)\n             ^^^^^^^^^^^^^^^^^^^^^^^^^^^\n  File \"/home/runner/work/cfi/cfi/app/tests/conftest.py\", line 95, in create_local_driver\n    driver = webdriver.Chrome(service=Service(ChromeDriverManager().install()), options=options)\n             ^^^^^^^^^^^^^^^^^^^^^^^^^^^^^^^^^^^^^^^^^^^^^^^^^^^^^^^^^^^^^^^^^^^^^^^^^^^^^^^^^^^\n  File \"/opt/hostedtoolcache/Python/3.11.4/x64/lib/python3.11/site-packages/selenium/webdriver/chrome/webdriver.py\", line 80, in __init__\n    super().__init__(\n  File \"/opt/hostedtoolcache/Python/3.11.4/x64/lib/python3.11/site-packages/selenium/webdriver/chromium/webdriver.py\", line 104, in __init__\n    super().__init__(\n  File \"/opt/hostedtoolcache/Python/3.11.4/x64/lib/python3.11/site-packages/selenium/webdriver/remote/webdriver.py\", line 286, in __init__\n    self.start_session(capabilities, browser_profile)\n  File \"/opt/hostedtoolcache/Python/3.11.4/x64/lib/python3.11/site-packages/selenium/webdriver/remote/webdriver.py\", line 378, in start_session\n    response = self.execute(Command.NEW_SESSION, parameters)\n               ^^^^^^^^^^^^^^^^^^^^^^^^^^^^^^^^^^^^^^^^^^^^^\n  File \"/opt/hostedtoolcache/Python/3.11.4/x64/lib/python3.11/site-packages/selenium/webdriver/remote/webdriver.py\", line 440, in execute\n    self.error_handler.check_response(response)\n  File \"/opt/hostedtoolcache/Python/3.11.4/x64/lib/python3.11/site-packages/selenium/webdriver/remote/errorhandler.py\", line 245, in check_response\n    raise exception_class(message, screen, stacktrace)\n","steps":[],"attachments":[],"parameters":[],"stepsCount":0,"attachmentsCount":0,"shouldDisplayMessage":true,"hasContent":true}],"afterStages":[],"labels":[{"name":"owner","value":"SergeiT"},{"name":"feature","value":"Registration page"},{"name":"tag","value":"id 1.2"},{"name":"severity","value":"normal"},{"name":"parentSuite","value":"app.tests"},{"name":"suite","value":"test_registration_page"},{"name":"host","value":"fv-az810-330"},{"name":"thread","value":"2434-MainThread"},{"name":"framework","value":"pytest"},{"name":"language","value":"cpython3"},{"name":"package","value":"app.tests.test_registration_page"},{"name":"resultFormat","value":"allure2"}],"parameters":[],"links":[],"hidden":false,"retry":false,"extra":{"severity":"normal","owner":"SergeiT","retries":[],"categories":[{"name":"Test defects","matchedStatuses":[],"flaky":false}],"history":{"statistic":{"failed":0,"broken":8,"skipped":0,"passed":7,"unknown":0,"total":15},"items":[{"uid":"4ecc490e19119087","reportUrl":"https://uraniumcore238.github.io/cfi/18//#testresult/4ecc490e19119087","status":"passed","time":{"start":1688584747758,"stop":1688584751115,"duration":3357}},{"uid":"5cce78b2a1e99ae3","reportUrl":"https://uraniumcore238.github.io/cfi/17//#testresult/5cce78b2a1e99ae3","status":"passed","time":{"start":1688584075333,"stop":1688584077944,"duration":2611}},{"uid":"ae7e37bb37ed8b1b","reportUrl":"https://uraniumcore238.github.io/cfi/16//#testresult/ae7e37bb37ed8b1b","status":"broken","statusDetails":"AttributeError: 'WebDriver' object has no attribute 'driver'","time":{"start":1688583141555,"stop":1688583143647,"duration":2092}},{"uid":"9f06628d3d5407d0","reportUrl":"https://uraniumcore238.github.io/cfi/15//#testresult/9f06628d3d5407d0","status":"broken","statusDetails":"AttributeError: 'WebDriver' object has no attribute 'driver'","time":{"start":1688581905959,"stop":1688581908646,"duration":2687}},{"uid":"1e74b45cf313974a","reportUrl":"https://uraniumcore238.github.io/cfi/14//#testresult/1e74b45cf313974a","status":"broken","statusDetails":"AttributeError: 'WebDriver' object has no attribute 'driver'","time":{"start":1685731935271,"stop":1685731937315,"duration":2044}},{"uid":"c2543f218db5f5e1","reportUrl":"https://uraniumcore238.github.io/cfi/13//#testresult/c2543f218db5f5e1","status":"passed","time":{"start":1682965080506,"stop":1682965088001,"duration":7495}},{"uid":"17c4ac674525b5c3","reportUrl":"https://uraniumcore238.github.io/cfi/12//#testresult/17c4ac674525b5c3","status":"passed","time":{"start":1682964774304,"stop":1682964779161,"duration":4857}},{"uid":"907c1a7c6e1b0559","reportUrl":"https://uraniumcore238.github.io/cfi/11//#testresult/907c1a7c6e1b0559","status":"broken","statusDetails":"KeyError: 'headless'","time":{"start":1682964572713,"stop":1682964572713,"duration":0}},{"uid":"e678340afb45cd76","reportUrl":"https://uraniumcore238.github.io/cfi/11//#testresult/e678340afb45cd76","status":"broken","statusDetails":"KeyError: 'headless'","time":{"start":1682964042490,"stop":1682964042490,"duration":0}},{"uid":"fdec8b3e3464a37d","reportUrl":"https://uraniumcore238.github.io/cfi/10//#testresult/fdec8b3e3464a37d","status":"passed","time":{"start":1682963838146,"stop":1682963843410,"duration":5264}},{"uid":"bb09ee7f43f2c907","reportUrl":"https://uraniumcore238.github.io/cfi/9//#testresult/bb09ee7f43f2c907","status":"passed","time":{"start":1682963287615,"stop":1682963294718,"duration":7103}},{"uid":"156f1241968aaf07","reportUrl":"https://uraniumcore238.github.io/cfi/7//#testresult/156f1241968aaf07","status":"passed","time":{"start":1682961407018,"stop":1682961410338,"duration":3320}},{"uid":"fae7f344e655e1b","reportUrl":"https://uraniumcore238.github.io/cfi/6//#testresult/fae7f344e655e1b","status":"broken","statusDetails":"selenium.common.exceptions.WebDriverException: Message: unknown error: Chrome failed to start: exited abnormally.\n  (unknown error: DevToolsActivePort file doesn't exist)\n  (The process started from chrome location /usr/bin/google-chrome is no longer running, so ChromeDriver is assuming that Chrome has crashed.)\nStacktrace:\n#0 0x556dff4b2fe3 <unknown>\n#1 0x556dff1f1d36 <unknown>\n#2 0x556dff21ab20 <unknown>\n#3 0x556dff216a9b <unknown>\n#4 0x556dff258af7 <unknown>\n#5 0x556dff25811f <unknown>\n#6 0x556dff24f693 <unknown>\n#7 0x556dff22203a <unknown>\n#8 0x556dff22317e <unknown>\n#9 0x556dff474dbd <unknown>\n#10 0x556dff478c6c <unknown>\n#11 0x556dff4824b0 <unknown>\n#12 0x556dff479d63 <unknown>\n#13 0x556dff44cc35 <unknown>\n#14 0x556dff49d138 <unknown>\n#15 0x556dff49d2c7 <unknown>\n#16 0x556dff4ab093 <unknown>\n#17 0x7f385d692b43 <unknown>","time":{"start":1682960491961,"stop":1682960491961,"duration":0}},{"uid":"8aafd52d3d99c542","reportUrl":"https://uraniumcore238.github.io/cfi/5//#testresult/8aafd52d3d99c542","status":"broken","statusDetails":"selenium.common.exceptions.WebDriverException: Message: unknown error: Chrome failed to start: exited abnormally.\n  (unknown error: DevToolsActivePort file doesn't exist)\n  (The process started from chrome location /usr/bin/google-chrome is no longer running, so ChromeDriver is assuming that Chrome has crashed.)\nStacktrace:\n#0 0x562b1aa11fe3 <unknown>\n#1 0x562b1a750d36 <unknown>\n#2 0x562b1a779b20 <unknown>\n#3 0x562b1a775a9b <unknown>\n#4 0x562b1a7b7af7 <unknown>\n#5 0x562b1a7b711f <unknown>\n#6 0x562b1a7ae693 <unknown>\n#7 0x562b1a78103a <unknown>\n#8 0x562b1a78217e <unknown>\n#9 0x562b1a9d3dbd <unknown>\n#10 0x562b1a9d7c6c <unknown>\n#11 0x562b1a9e14b0 <unknown>\n#12 0x562b1a9d8d63 <unknown>\n#13 0x562b1a9abc35 <unknown>\n#14 0x562b1a9fc138 <unknown>\n#15 0x562b1a9fc2c7 <unknown>\n#16 0x562b1aa0a093 <unknown>\n#17 0x7f5c23401b43 <unknown>","time":{"start":1682960262305,"stop":1682960262305,"duration":0}}]},"tags":["id 1.2"]},"source":"f46d1948e792282b.json","parameterValues":[]}